00:20:43:729 [ALWAYS]	GUDE Logging Started
00:20:43:729 [INFO]	SqliteResumeCache::SqliteResumeCache basedirectory is null/empty
00:20:43:729 [ERROR]	SqliteResumeCache::CreateSqliteResumeCache creating resume cache pointer failure
00:20:43:729 [ERROR]	Initialize resume cache pointer failure
00:20:43:729 [INFO]	gude policy POLICY_USER limit (2,2,1) chunk 2097152, chunking (UL 0 DL 1), resXfer 1, adapt 0, NSURL 0, timeout 86400 
00:20:43:729 [INFO]	Initialized -- gude-lib version: v0.12.1 app: gude
00:20:45:314 [WARN]	Ignoring attempt to reinit logging to \gude at level 4 retaining 3 days of logs
00:20:45:314 [INFO]	SqliteResumeCache::SqliteResumeCache basedirectory is null/empty
00:20:45:314 [ERROR]	SqliteResumeCache::CreateSqliteResumeCache creating resume cache pointer failure
00:20:45:314 [ERROR]	Initialize resume cache pointer failure
00:20:45:314 [INFO]	gude policy POLICY_USER limit (4,4,1) chunk 2097152, chunking (UL 0 DL 1), resXfer 1, adapt 0, NSURL 1, timeout 86400 
00:20:45:314 [INFO]	Initialized -- gude-lib version: v0.12.1 app: gude
00:32:14:376 [ALWAYS]	GUDE Logging Started
00:32:14:376 [INFO]	SqliteResumeCache::SqliteResumeCache basedirectory is null/empty
00:32:14:376 [ERROR]	SqliteResumeCache::CreateSqliteResumeCache creating resume cache pointer failure
00:32:14:376 [ERROR]	Initialize resume cache pointer failure
00:32:14:376 [INFO]	gude policy POLICY_USER limit (2,2,1) chunk 2097152, chunking (UL 0 DL 1), resXfer 1, adapt 0, NSURL 0, timeout 86400 
00:32:14:376 [INFO]	Initialized -- gude-lib version: v0.12.1 app: gude
00:32:15:560 [WARN]	Ignoring attempt to reinit logging to \gude at level 4 retaining 3 days of logs
00:32:15:560 [INFO]	SqliteResumeCache::SqliteResumeCache basedirectory is null/empty
00:32:15:560 [ERROR]	SqliteResumeCache::CreateSqliteResumeCache creating resume cache pointer failure
00:32:15:560 [ERROR]	Initialize resume cache pointer failure
00:32:15:560 [INFO]	gude policy POLICY_USER limit (4,4,1) chunk 2097152, chunking (UL 0 DL 1), resXfer 1, adapt 0, NSURL 1, timeout 86400 
00:32:15:560 [INFO]	Initialized -- gude-lib version: v0.12.1 app: gude
